\BOOKMARK [0][-]{Doc-Start}{\376\377\000D\000A\000F\000T\000A\000R\000\040\000I\000S\000I}{}% 1
\BOOKMARK [0][-]{Doc-Start}{\376\377\000D\000A\000F\000T\000A\000R\000\040\000G\000A\000M\000B\000A\000R}{}% 2
\BOOKMARK [0][-]{chapter.1}{\376\377\000P\000E\000N\000D\000A\000H\000U\000L\000U\000A\000N}{}% 3
\BOOKMARK [1][-]{section.1.1}{\376\377\000L\000a\000t\000a\000r\000\040\000B\000e\000l\000a\000k\000a\000n\000g}{chapter.1}% 4
\BOOKMARK [1][-]{section.1.2}{\376\377\000R\000u\000m\000u\000s\000a\000n\000\040\000M\000a\000s\000a\000l\000a\000h}{chapter.1}% 5
\BOOKMARK [1][-]{section.1.3}{\376\377\000T\000u\000j\000u\000a\000n\000\040\000P\000e\000n\000e\000l\000i\000t\000i\000a\000n}{chapter.1}% 6
\BOOKMARK [1][-]{section.1.4}{\376\377\000B\000a\000t\000a\000s\000a\000n\000\040\000M\000a\000s\000a\000l\000a\000h}{chapter.1}% 7
\BOOKMARK [1][-]{section.1.5}{\376\377\000M\000a\000n\000f\000a\000a\000t\000\040\000P\000e\000n\000e\000l\000i\000t\000i\000a\000n}{chapter.1}% 8
\BOOKMARK [0][-]{chapter.2}{\376\377\000T\000I\000N\000J\000A\000U\000A\000N\000\040\000P\000U\000S\000T\000A\000K\000A}{}% 9
\BOOKMARK [1][-]{section.2.1}{\376\377\000I\000n\000t\000e\000r\000n\000e\000t\000\040\000o\000f\000\040\000T\000h\000i\000n\000g\000s\000\040\000\050\000I\000O\000T\000\051}{chapter.2}% 10
\BOOKMARK [1][-]{section.2.2}{\376\377\000A\000u\000t\000o\000m\000a\000t\000i\000c\000\040\000L\000i\000c\000e\000n\000s\000e\000\040\000P\000l\000a\000t\000e\000\040\000R\000e\000c\000o\000g\000n\000i\000t\000i\000o\000n\000\040\000\050\000A\000L\000P\000R\000\051}{chapter.2}% 11
\BOOKMARK [1][-]{section.2.3}{\376\377\000R\000a\000s\000p\000b\000e\000r\000r\000y\000\040\000P\000i}{chapter.2}% 12
\BOOKMARK [1][-]{section.2.4}{\376\377\000M\000o\000d\000u\000l\000e\000\040\000S\000e\000n\000s\000o\000r}{chapter.2}% 13
\BOOKMARK [2][-]{subsection.2.4.1}{\376\377\000R\000F\000I\000D\000\040\000M\000F\000R\000C\0005\0002\0002}{section.2.4}% 14
\BOOKMARK [2][-]{subsection.2.4.2}{\376\377\000H\000C\000-\000S\000R\0000\0004}{section.2.4}% 15
\BOOKMARK [2][-]{subsection.2.4.3}{\376\377\000S\000G\0009\0000}{section.2.4}% 16
\BOOKMARK [2][-]{subsection.2.4.4}{\376\377\000K\000a\000m\000e\000r\000a\000\040\000R\000a\000s\000p\000b\000e\000r\000r\000y\000\040\000P\000i\000\040\000v\0002}{section.2.4}% 17
\BOOKMARK [0][-]{chapter.3}{\376\377\000M\000E\000T\000O\000D\000E\000\040\000P\000E\000N\000E\000L\000I\000T\000I\000A\000N}{}% 18
\BOOKMARK [1][-]{section.3.1}{\376\377\000W\000a\000k\000t\000u\000\040\000d\000a\000n\000\040\000L\000o\000k\000a\000s\000i\000\040\000P\000e\000n\000e\000l\000i\000t\000i\000a\000n}{chapter.3}% 19
\BOOKMARK [1][-]{section.3.2}{\376\377\000T\000a\000h\000a\000p\000a\000n\000\040\000P\000e\000n\000e\000l\000i\000t\000i\000a\000n}{chapter.3}% 20
\BOOKMARK [1][-]{section.3.3}{\376\377\000S\000u\000m\000b\000e\000r\000\040\000D\000a\000t\000a}{chapter.3}% 21
\BOOKMARK [1][-]{section.3.4}{\376\377\000R\000a\000n\000c\000a\000n\000g\000a\000n\000\040\000S\000i\000s\000t\000e\000m}{chapter.3}% 22
\BOOKMARK [1][-]{section.3.5}{\376\377\000R\000a\000n\000c\000a\000n\000g\000a\000n\000\040\000U\000s\000e\000\040\000C\000a\000s\000e\000\040\000D\000i\000a\000g\000r\000a\000m}{chapter.3}% 23
\BOOKMARK [1][-]{section.3.6}{\376\377\000I\000n\000s\000t\000r\000u\000m\000e\000n\000\040\000P\000e\000n\000e\000l\000i\000t\000i\000a\000n}{chapter.3}% 24
\BOOKMARK [0][-]{Item.17}{\376\377\000D\000A\000F\000T\000A\000R\000\040\000P\000U\000S\000T\000A\000K\000A}{}% 25
