\BOOKMARK [0][-]{Doc-Start}{\376\377\000H\000A\000L\000A\000M\000A\000N\000\040\000S\000A\000M\000P\000U\000L}{}% 1
\BOOKMARK [0][-]{Doc-Start}{\376\377\000L\000E\000M\000B\000A\000R\000\040\000P\000E\000R\000N\000Y\000A\000T\000A\000A\000N\000\040\000K\000E\000O\000T\000E\000N\000T\000I\000K\000A\000N}{}% 2
\BOOKMARK [0][-]{Doc-Start}{\376\377\000L\000E\000M\000B\000A\000R\000\040\000P\000E\000R\000S\000E\000T\000U\000J\000U\000A\000N\000\040\000P\000E\000M\000B\000I\000M\000B\000I\000N\000G}{}% 3
\BOOKMARK [0][-]{Doc-Start}{\376\377\000H\000A\000L\000A\000M\000A\000N\000\040\000P\000E\000N\000G\000E\000S\000A\000H\000A\000N}{}% 4
\BOOKMARK [0][-]{Doc-Start}{\376\377\000K\000A\000T\000A\000\040\000P\000E\000N\000G\000A\000N\000T\000A\000R}{}% 5
\BOOKMARK [0][-]{chapter*.1}{\376\377\000P\000E\000R\000S\000E\000T\000U\000J\000U\000A\000N\000\040\000P\000U\000B\000L\000I\000K\000A\000S\000I\000\040\000I\000L\000M\000I\000A\000H}{}% 6
\BOOKMARK [0][-]{chapter*.2}{\376\377\000A\000B\000S\000T\000R\000A\000K}{}% 7
\BOOKMARK [0][-]{chapter*.3}{\376\377\000D\000A\000F\000T\000A\000R\000\040\000I\000S\000I}{}% 8
\BOOKMARK [0][-]{chapter*.3}{\376\377\000D\000A\000F\000T\000A\000R\000\040\000T\000A\000B\000E\000L}{}% 9
\BOOKMARK [0][-]{chapter*.3}{\376\377\000D\000A\000F\000T\000A\000R\000\040\000G\000A\000M\000B\000A\000R}{}% 10
\BOOKMARK [0][-]{chapter.1}{\376\377\000P\000E\000N\000D\000A\000H\000U\000L\000U\000A\000N}{}% 11
\BOOKMARK [1][-]{section.1.1}{\376\377\000L\000a\000t\000a\000r\000\040\000B\000e\000l\000a\000k\000a\000n\000g}{chapter.1}% 12
\BOOKMARK [1][-]{section.1.2}{\376\377\000R\000u\000m\000u\000s\000a\000n\000\040\000M\000a\000s\000a\000l\000a\000h}{chapter.1}% 13
\BOOKMARK [1][-]{section.1.3}{\376\377\000T\000u\000j\000u\000a\000n\000\040\000P\000e\000n\000e\000l\000i\000t\000i\000a\000n}{chapter.1}% 14
\BOOKMARK [1][-]{section.1.4}{\376\377\000B\000a\000t\000a\000s\000a\000n\000\040\000M\000a\000s\000a\000l\000a\000h}{chapter.1}% 15
\BOOKMARK [1][-]{section.1.5}{\376\377\000M\000a\000n\000f\000a\000a\000t\000\040\000P\000e\000n\000e\000l\000i\000t\000i\000a\000n}{chapter.1}% 16
\BOOKMARK [0][-]{chapter.2}{\376\377\000T\000I\000N\000J\000A\000U\000A\000N\000\040\000P\000U\000S\000T\000A\000K\000A}{}% 17
\BOOKMARK [1][-]{section.2.1}{\376\377\000I\000n\000t\000e\000r\000n\000e\000t\000\040\000o\000f\000\040\000T\000h\000i\000n\000g\000s\000\040\000\050\000I\000O\000T\000\051}{chapter.2}% 18
\BOOKMARK [1][-]{section.2.2}{\376\377\000A\000u\000t\000o\000m\000a\000t\000i\000c\000\040\000L\000i\000c\000e\000n\000s\000e\000\040\000P\000l\000a\000t\000e\000\040\000R\000e\000c\000o\000g\000n\000i\000t\000i\000o\000n\000\040\000\050\000A\000L\000P\000R\000\051}{chapter.2}% 19
\BOOKMARK [1][-]{section.2.3}{\376\377\000R\000a\000s\000p\000b\000e\000r\000r\000y\000\040\000P\000i}{chapter.2}% 20
\BOOKMARK [1][-]{section.2.4}{\376\377\000M\000o\000d\000u\000l\000e\000\040\000S\000e\000n\000s\000o\000r}{chapter.2}% 21
\BOOKMARK [2][-]{subsection.2.4.1}{\376\377\000R\000F\000I\000D\000\040\000M\000F\000R\000C\0005\0002\0002}{section.2.4}% 22
